<?xml version="1.0" encoding="UTF-8"?>
<!-- Generated by org.testng.reporters.JUnitReportReporter -->
<testsuite name="com.belatrix.selenium.SeleniumTest.EbayTest" tests="5" time="47.636" ignored="0" failures="0" timestamp="26 Feb 2018 21:53:51 GMT" skipped="0" hostname="DESKTOP-G8DHOP2" errors="0">
  <testcase name="orderByPriceDesc" time="0.001" classname="com.belatrix.selenium.SeleniumTest.EbayTest"/>
  <testcase name="assertAscendantOrder" time="47.611" classname="com.belatrix.selenium.SeleniumTest.EbayTest"/>
  <testcase name="numberOfResults" time="0.022" classname="com.belatrix.selenium.SeleniumTest.EbayTest"/>
  <testcase name="orderByName" time="0.001" classname="com.belatrix.selenium.SeleniumTest.EbayTest"/>
  <testcase name="firstFiveProducts" time="0.001" classname="com.belatrix.selenium.SeleniumTest.EbayTest"/>
</testsuite> <!-- com.belatrix.selenium.SeleniumTest.EbayTest -->
